<?xml version="1.0" encoding="UTF-8"?>
<!-- Generated by org.testng.reporters.JUnitReportReporter -->
<testsuite skipped="0" hostname="LAPTOP-2UNIV4OK" name="testNGClasses.AllElementsSelection" tests="1" failures="0" timestamp="27 May 2019 15:48:15 GMT" time="7.727" errors="0">
  <testcase name="bookingTicket" time="7.727" classname="testNGClasses.AllElementsSelection"/>
</testsuite> <!-- testNGClasses.AllElementsSelection -->
