<?xml version="1.0" encoding="UTF-8"?>
<!-- Generated by org.testng.reporters.JUnitReportReporter -->
<testsuite skipped="0" hostname="LAPTOP-2UNIV4OK" name="testNGClasses.VerifyTitle" tests="6" failures="0" timestamp="30 Apr 2019 17:55:46 GMT" time="0.210" errors="0">
  <testcase name="verifyFBTitle" time="0.013" classname="testNGClasses.VerifyTitle"/>
  <testcase name="createAccountText" time="0.040" classname="testNGClasses.VerifyTitle"/>
  <testcase name="welcomeMessage" time="0.062" classname="testNGClasses.VerifyTitle"/>
  <testcase name="loginButton" time="0.030" classname="testNGClasses.VerifyTitle"/>
  <testcase name="femaleRadioButton" time="0.032" classname="testNGClasses.VerifyTitle"/>
  <testcase name="logo" time="0.033" classname="testNGClasses.VerifyTitle"/>
</testsuite> <!-- testNGClasses.VerifyTitle -->
