<?xml version="1.0" encoding="UTF-8"?>
<!-- Generated by org.testng.reporters.JUnitReportReporter -->
<testsuite skipped="0" hostname="LAPTOP-2UNIV4OK" name="testNGClasses.BookTicket" tests="1" failures="0" timestamp="14 May 2019 13:44:08 GMT" time="14.332" errors="0">
  <testcase name="bookTicket" time="14.332" classname="testNGClasses.BookTicket"/>
</testsuite> <!-- testNGClasses.BookTicket -->
